	at org.springframework.security.web.context.SecurityContextHolderFilter.doFilter(SecurityContextHolderFilter.java:82) ~[spring-security-web-6.2.4.jar!/:6.2.4]
	at org.springframework.security.web.context.SecurityContextHolderFilter.doFilter(SecurityContextHolderFilter.java:69) ~[spring-security-web-6.2.4.jar!/:6.2.4]
	at org.springframework.security.web.ObservationFilterChainDecorator$ObservationFilter.wrapFilter(ObservationFilterChainDecorator.java:240) ~[spring-security-web-6.2.4.jar!/:6.2.4]
	at org.springframework.security.web.ObservationFilterChainDecorator$ObservationFilter.doFilter(ObservationFilterChainDecorator.java:227) ~[spring-security-web-6.2.4.jar!/:6.2.4]
	at org.springframework.security.web.ObservationFilterChainDecorator$VirtualFilterChain.doFilter(ObservationFilterChainDecorator.java:137) ~[spring-security-web-6.2.4.jar!/:6.2.4]
	at org.springframework.security.web.context.request.async.WebAsyncManagerIntegrationFilter.doFilterInternal(WebAsyncManagerIntegrationFilter.java:62) ~[spring-security-web-6.2.4.jar!/:6.2.4]
	at org.springframework.web.filter.OncePerRequestFilter.doFilter(OncePerRequestFilter.java:116) ~[spring-web-6.1.6.jar!/:6.1.6]
	at org.springframework.security.web.ObservationFilterChainDecorator$ObservationFilter.wrapFilter(ObservationFilterChainDecorator.java:240) ~[spring-security-web-6.2.4.jar!/:6.2.4]
	at org.springframework.security.web.ObservationFilterChainDecorator$ObservationFilter.doFilter(ObservationFilterChainDecorator.java:227) ~[spring-security-web-6.2.4.jar!/:6.2.4]
	at org.springframework.security.web.ObservationFilterChainDecorator$VirtualFilterChain.doFilter(ObservationFilterChainDecorator.java:137) ~[spring-security-web-6.2.4.jar!/:6.2.4]
	at org.springframework.security.web.session.DisableEncodeUrlFilter.doFilterInternal(DisableEncodeUrlFilter.java:42) ~[spring-security-web-6.2.4.jar!/:6.2.4]
	at org.springframework.web.filter.OncePerRequestFilter.doFilter(OncePerRequestFilter.java:116) ~[spring-web-6.1.6.jar!/:6.1.6]
	at org.springframework.security.web.ObservationFilterChainDecorator$ObservationFilter.wrapFilter(ObservationFilterChainDecorator.java:240) ~[spring-security-web-6.2.4.jar!/:6.2.4]
	at org.springframework.security.web.ObservationFilterChainDecorator$AroundFilterObservation$SimpleAroundFilterObservation.lambda$wrap$0(ObservationFilterChainDecorator.java:323) ~[spring-security-web-6.2.4.jar!/:6.2.4]
	at org.springframework.security.web.ObservationFilterChainDecorator$ObservationFilter.doFilter(ObservationFilterChainDecorator.java:224) ~[spring-security-web-6.2.4.jar!/:6.2.4]
	at org.springframework.security.web.ObservationFilterChainDecorator$VirtualFilterChain.doFilter(ObservationFilterChainDecorator.java:137) ~[spring-security-web-6.2.4.jar!/:6.2.4]
	at org.springframework.security.web.FilterChainProxy.doFilterInternal(FilterChainProxy.java:233) ~[spring-security-web-6.2.4.jar!/:6.2.4]
	at org.springframework.security.web.FilterChainProxy.doFilter(FilterChainProxy.java:191) ~[spring-security-web-6.2.4.jar!/:6.2.4]
	at org.springframework.web.filter.CompositeFilter$VirtualFilterChain.doFilter(CompositeFilter.java:113) ~[spring-web-6.1.6.jar!/:6.1.6]
	at org.springframework.web.servlet.handler.HandlerMappingIntrospector.lambda$createCacheFilter$3(HandlerMappingIntrospector.java:195) ~[spring-webmvc-6.1.6.jar!/:6.1.6]
	at org.springframework.web.filter.CompositeFilter$VirtualFilterChain.doFilter(CompositeFilter.java:113) ~[spring-web-6.1.6.jar!/:6.1.6]
	at org.springframework.web.filter.CompositeFilter.doFilter(CompositeFilter.java:74) ~[spring-web-6.1.6.jar!/:6.1.6]
	at org.springframework.security.config.annotation.web.configuration.WebMvcSecurityConfiguration$CompositeFilterChainProxy.doFilter(WebMvcSecurityConfiguration.java:230) ~[spring-security-config-6.2.4.jar!/:6.2.4]
	at org.springframework.web.filter.DelegatingFilterProxy.invokeDelegate(DelegatingFilterProxy.java:352) ~[spring-web-6.1.6.jar!/:6.1.6]
	at org.springframework.web.filter.DelegatingFilterProxy.doFilter(DelegatingFilterProxy.java:268) ~[spring-web-6.1.6.jar!/:6.1.6]
	at org.apache.catalina.core.ApplicationFilterChain.internalDoFilter(ApplicationFilterChain.java:175) ~[tomcat-embed-core-10.1.20.jar!/:na]
	at org.apache.catalina.core.ApplicationFilterChain.doFilter(ApplicationFilterChain.java:150) ~[tomcat-embed-core-10.1.20.jar!/:na]
	at org.springframework.web.filter.RequestContextFilter.doFilterInternal(RequestContextFilter.java:100) ~[spring-web-6.1.6.jar!/:6.1.6]
	at org.springframework.web.filter.OncePerRequestFilter.doFilter(OncePerRequestFilter.java:116) ~[spring-web-6.1.6.jar!/:6.1.6]
	at org.apache.catalina.core.ApplicationFilterChain.internalDoFilter(ApplicationFilterChain.java:175) ~[tomcat-embed-core-10.1.20.jar!/:na]
	at org.apache.catalina.core.ApplicationFilterChain.doFilter(ApplicationFilterChain.java:150) ~[tomcat-embed-core-10.1.20.jar!/:na]
	at org.springframework.web.filter.FormContentFilter.doFilterInternal(FormContentFilter.java:93) ~[spring-web-6.1.6.jar!/:6.1.6]
	at org.springframework.web.filter.OncePerRequestFilter.doFilter(OncePerRequestFilter.java:116) ~[spring-web-6.1.6.jar!/:6.1.6]
	at org.apache.catalina.core.ApplicationFilterChain.internalDoFilter(ApplicationFilterChain.java:175) ~[tomcat-embed-core-10.1.20.jar!/:na]
	at org.apache.catalina.core.ApplicationFilterChain.doFilter(ApplicationFilterChain.java:150) ~[tomcat-embed-core-10.1.20.jar!/:na]
	at org.springframework.web.filter.ServerHttpObservationFilter.doFilterInternal(ServerHttpObservationFilter.java:109) ~[spring-web-6.1.6.jar!/:6.1.6]
	at org.springframework.web.filter.OncePerRequestFilter.doFilter(OncePerRequestFilter.java:116) ~[spring-web-6.1.6.jar!/:6.1.6]
	at org.apache.catalina.core.ApplicationFilterChain.internalDoFilter(ApplicationFilterChain.java:175) ~[tomcat-embed-core-10.1.20.jar!/:na]
	at org.apache.catalina.core.ApplicationFilterChain.doFilter(ApplicationFilterChain.java:150) ~[tomcat-embed-core-10.1.20.jar!/:na]
	at org.springframework.web.filter.CharacterEncodingFilter.doFilterInternal(CharacterEncodingFilter.java:201) ~[spring-web-6.1.6.jar!/:6.1.6]
	at org.springframework.web.filter.OncePerRequestFilter.doFilter(OncePerRequestFilter.java:116) ~[spring-web-6.1.6.jar!/:6.1.6]
	at org.apache.catalina.core.ApplicationFilterChain.internalDoFilter(ApplicationFilterChain.java:175) ~[tomcat-embed-core-10.1.20.jar!/:na]
	at org.apache.catalina.core.ApplicationFilterChain.doFilter(ApplicationFilterChain.java:150) ~[tomcat-embed-core-10.1.20.jar!/:na]
	at org.apache.catalina.core.StandardWrapperValve.invoke(StandardWrapperValve.java:167) ~[tomcat-embed-core-10.1.20.jar!/:na]
	at org.apache.catalina.core.StandardContextValve.invoke(StandardContextValve.java:90) ~[tomcat-embed-core-10.1.20.jar!/:na]
	at org.apache.catalina.authenticator.AuthenticatorBase.invoke(AuthenticatorBase.java:482) ~[tomcat-embed-core-10.1.20.jar!/:na]
	at org.apache.catalina.core.StandardHostValve.invoke(StandardHostValve.java:115) ~[tomcat-embed-core-10.1.20.jar!/:na]
	at org.apache.catalina.valves.ErrorReportValve.invoke(ErrorReportValve.java:93) ~[tomcat-embed-core-10.1.20.jar!/:na]
	at org.apache.catalina.core.StandardEngineValve.invoke(StandardEngineValve.java:74) ~[tomcat-embed-core-10.1.20.jar!/:na]
	at org.apache.catalina.connector.CoyoteAdapter.service(CoyoteAdapter.java:344) ~[tomcat-embed-core-10.1.20.jar!/:na]
	at org.apache.coyote.http11.Http11Processor.service(Http11Processor.java:391) ~[tomcat-embed-core-10.1.20.jar!/:na]
	at org.apache.coyote.AbstractProcessorLight.process(AbstractProcessorLight.java:63) ~[tomcat-embed-core-10.1.20.jar!/:na]
	at org.apache.coyote.AbstractProtocol$ConnectionHandler.process(AbstractProtocol.java:896) ~[tomcat-embed-core-10.1.20.jar!/:na]
	at org.apache.tomcat.util.net.NioEndpoint$SocketProcessor.doRun(NioEndpoint.java:1736) ~[tomcat-embed-core-10.1.20.jar!/:na]
	at org.apache.tomcat.util.net.SocketProcessorBase.run(SocketProcessorBase.java:52) ~[tomcat-embed-core-10.1.20.jar!/:na]
	at org.apache.tomcat.util.threads.ThreadPoolExecutor.runWorker(ThreadPoolExecutor.java:1191) ~[tomcat-embed-core-10.1.20.jar!/:na]
	at org.apache.tomcat.util.threads.ThreadPoolExecutor$Worker.run(ThreadPoolExecutor.java:659) ~[tomcat-embed-core-10.1.20.jar!/:na]
	at org.apache.tomcat.util.threads.TaskThread$WrappingRunnable.run(TaskThread.java:63) ~[tomcat-embed-core-10.1.20.jar!/:na]
	at java.base/java.lang.Thread.run(Unknown Source) ~[na:na]
Caused by: com.fasterxml.jackson.databind.exc.UnrecognizedPropertyException: Unrecognized field "code" (class com.stock.locationservice.dto.SiteCreateRequest), not marked as ignorable (5 known properties: "timezone", "type", "name", "address", "settings"])
 at [Source: (org.springframework.util.StreamUtils$NonClosingInputStream); line: 1, column: 44] (through reference chain: com.stock.locationservice.dto.SiteCreateRequest["code"])
	at com.fasterxml.jackson.databind.exc.UnrecognizedPropertyException.from(UnrecognizedPropertyException.java:61) ~[jackson-databind-2.15.4.jar!/:2.15.4]
	at com.fasterxml.jackson.databind.DeserializationContext.handleUnknownProperty(DeserializationContext.java:1138) ~[jackson-databind-2.15.4.jar!/:2.15.4]
	at com.fasterxml.jackson.databind.deser.std.StdDeserializer.handleUnknownProperty(StdDeserializer.java:2224) ~[jackson-databind-2.15.4.jar!/:2.15.4]
	at com.fasterxml.jackson.databind.deser.BeanDeserializerBase.handleUnknownProperty(BeanDeserializerBase.java:1719) ~[jackson-databind-2.15.4.jar!/:2.15.4]
	at com.fasterxml.jackson.databind.deser.BeanDeserializerBase.handleUnknownVanilla(BeanDeserializerBase.java:1697) ~[jackson-databind-2.15.4.jar!/:2.15.4]
	at com.fasterxml.jackson.databind.deser.BeanDeserializer.vanillaDeserialize(BeanDeserializer.java:320) ~[jackson-databind-2.15.4.jar!/:2.15.4]
	at com.fasterxml.jackson.databind.deser.BeanDeserializer.deserialize(BeanDeserializer.java:177) ~[jackson-databind-2.15.4.jar!/:2.15.4]
	at com.fasterxml.jackson.databind.deser.DefaultDeserializationContext.readRootValue(DefaultDeserializationContext.java:323) ~[jackson-databind-2.15.4.jar!/:2.15.4]
	at com.fasterxml.jackson.databind.ObjectReader._bindAndClose(ObjectReader.java:2105) ~[jackson-databind-2.15.4.jar!/:2.15.4]
	at com.fasterxml.jackson.databind.ObjectReader.readValue(ObjectReader.java:1481) ~[jackson-databind-2.15.4.jar!/:2.15.4]
	at org.springframework.http.converter.json.AbstractJackson2HttpMessageConverter.readJavaType(AbstractJackson2HttpMessageConverter.java:395) ~[spring-web-6.1.6.jar!/:6.1.6]
	... 135 common frames omitted

2026-03-18T16:32:47.608Z DEBUG 1 --- [location-service] [nio-8085-exec-4] [69bad3af2377083a983b6af713a2f61e-983b6af713a2f61e] o.s.security.web.FilterChainProxy        : Securing GET /actuator/prometheus
2026-03-18T16:32:47.613Z DEBUG 1 --- [location-service] [nio-8085-exec-4] [69bad3af2377083a983b6af713a2f61e-2e486336c126c3c3] o.s.s.w.a.AnonymousAuthenticationFilter  : Set SecurityContextHolder to anonymous SecurityContext
2026-03-18T16:32:54.017Z DEBUG 1 --- [location-service] [nio-8085-exec-3] [69bad3b6d7dc3de75fe3e6bfd2e34813-5fe3e6bfd2e34813] o.s.security.web.FilterChainProxy        : Securing GET /actuator/health
2026-03-18T16:32:54.024Z DEBUG 1 --- [location-service] [nio-8085-exec-3] [69bad3b6d7dc3de75fe3e6bfd2e34813-80f046abfe5f9a16] o.s.s.w.a.AnonymousAuthenticationFilter  : Set SecurityContextHolder to anonymous SecurityContext
2026-03-18T16:32:54.025Z DEBUG 1 --- [location-service] [nio-8085-exec-3] [69bad3b6d7dc3de75fe3e6bfd2e34813-3aa6601beecceedc] o.s.security.web.FilterChainProxy        : Secured GET /actuator/health
2026-03-18T16:33:02.608Z DEBUG 1 --- [location-service] [nio-8085-exec-1] [69bad3be6e6693694d4bfd1c069810da-4d4bfd1c069810da] o.s.security.web.FilterChainProxy        : Securing GET /actuator/prometheus
2026-03-18T16:33:02.609Z DEBUG 1 --- [location-service] [nio-8085-exec-1] [69bad3be6e6693694d4bfd1c069810da-f5c1db6d553ea64a] o.s.s.w.a.AnonymousAuthenticationFilter  : Set SecurityContextHolder to anonymous SecurityContext
2026-03-18T16:33:17.606Z DEBUG 1 --- [location-service] [nio-8085-exec-7] [69bad3cd1e0ecd6e206644fec250e749-206644fec250e749] o.s.security.web.FilterChainProxy        : Securing GET /actuator/prometheus
2026-03-18T16:33:17.607Z DEBUG 1 --- [location-service] [nio-8085-exec-7] [69bad3cd1e0ecd6e206644fec250e749-9f6ff8f84c02c194] o.s.s.w.a.AnonymousAuthenticationFilter  : Set SecurityContextHolder to anonymous SecurityContext
2026-03-18T16:33:24.112Z DEBUG 1 --- [location-service] [nio-8085-exec-8] [69bad3d4ed5fa6ff16dcda1187152d33-16dcda1187152d33] o.s.security.web.FilterChainProxy        : Securing GET /actuator/health
2026-03-18T16:33:24.113Z DEBUG 1 --- [location-service] [nio-8085-exec-8] [69bad3d4ed5fa6ff16dcda1187152d33-bd1105ebdb93cbc4] o.s.s.w.a.AnonymousAuthenticationFilter  : Set SecurityContextHolder to anonymous SecurityContext
2026-03-18T16:33:24.114Z DEBUG 1 --- [location-service] [nio-8085-exec-8] [69bad3d4ed5fa6ff16dcda1187152d33-8f50dc7fd6b3b27f] o.s.security.web.FilterChainProxy        : Secured GET /actuator/health
2026-03-18T16:33:32.607Z DEBUG 1 --- [location-service] [nio-8085-exec-2] [69bad3dc1ee0a3ce6cf12ea2504dafe6-6cf12ea2504dafe6] o.s.security.web.FilterChainProxy        : Securing GET /actuator/prometheus
2026-03-18T16:33:32.610Z DEBUG 1 --- [location-service] [nio-8085-exec-2] [69bad3dc1ee0a3ce6cf12ea2504dafe6-ccff2efbbf5126cb] o.s.s.w.a.AnonymousAuthenticationFilter  : Set SecurityContextHolder to anonymous SecurityContext
2026-03-18T16:33:47.604Z DEBUG 1 --- [location-service] [nio-8085-exec-5] [69bad3ebf28261b909ce24f5a4b89d4e-09ce24f5a4b89d4e] o.s.security.web.FilterChainProxy        : Securing GET /actuator/prometheus
2026-03-18T16:33:47.605Z DEBUG 1 --- [location-service] [nio-8085-exec-5] [69bad3ebf28261b909ce24f5a4b89d4e-3556ab42564a7d25] o.s.s.w.a.AnonymousAuthenticationFilter  : Set SecurityContextHolder to anonymous SecurityContext
2026-03-18T16:33:54.185Z DEBUG 1 --- [location-service] [nio-8085-exec-9] [69bad3f2ca4dfe3b43d1e20208199434-43d1e20208199434] o.s.security.web.FilterChainProxy        : Securing GET /actuator/health
2026-03-18T16:33:54.186Z DEBUG 1 --- [location-service] [nio-8085-exec-9] [69bad3f2ca4dfe3b43d1e20208199434-3d32bb4275042429] o.s.s.w.a.AnonymousAuthenticationFilter  : Set SecurityContextHolder to anonymous SecurityContext
2026-03-18T16:33:54.187Z DEBUG 1 --- [location-service] [nio-8085-exec-9] [69bad3f2ca4dfe3b43d1e20208199434-165d8f8a481f3eca] o.s.security.web.FilterChainProxy        : Secured GET /actuator/health
2026-03-18T16:34:02.602Z DEBUG 1 --- [location-service] [io-8085-exec-10] [69bad3fa4de09e6ddb0b28395a32a1f5-db0b28395a32a1f5] o.s.security.web.FilterChainProxy        : Securing GET /actuator/prometheus
2026-03-18T16:34:02.603Z DEBUG 1 --- [location-service] [io-8085-exec-10] [69bad3fa4de09e6ddb0b28395a32a1f5-bfe3fd8438cbf8e5] o.s.s.w.a.AnonymousAuthenticationFilter  : Set SecurityContextHolder to anonymous SecurityContext
2026-03-18T16:34:17.600Z DEBUG 1 --- [location-service] [nio-8085-exec-6] [69bad409616eb5176b3b869a710b3277-6b3b869a710b3277] o.s.security.web.FilterChainProxy        : Securing GET /actuator/prometheus
2026-03-18T16:34:17.600Z DEBUG 1 --- [location-service] [nio-8085-exec-6] [69bad409616eb5176b3b869a710b3277-8aa55a191854e2a6] o.s.s.w.a.AnonymousAuthenticationFilter  : Set SecurityContextHolder to anonymous SecurityContext
2026-03-18T16:34:24.266Z DEBUG 1 --- [location-service] [nio-8085-exec-4] [69bad4103622d4362b155e770dae2fff-2b155e770dae2fff] o.s.security.web.FilterChainProxy        : Securing GET /actuator/health
2026-03-18T16:34:24.268Z DEBUG 1 --- [location-service] [nio-8085-exec-4] [69bad4103622d4362b155e770dae2fff-999ff165debfe71e] o.s.s.w.a.AnonymousAuthenticationFilter  : Set SecurityContextHolder to anonymous SecurityContext
2026-03-18T16:34:24.269Z DEBUG 1 --- [location-service] [nio-8085-exec-4] [69bad4103622d4362b155e770dae2fff-78355aaef4db5463] o.s.security.web.FilterChainProxy        : Secured GET /actuator/health
