Logging in...
Logged in successfully!

--- 1. CREATING CATALOG ---
  Creating category: Electronics 4208
  Creating category: Biotech 4208
  Creating category: Raw Materials 4208
  Creating item: Vaccine V-4208 (MED-VAC-4208)
  Creating item: Server Rack X-4208 (ELEC-SRV-4208)
  Creating item: Office Laptop 4208 (ELEC-LAP-4208)
  Creating item: Steel Coil 4208 (RAW-STL-4208)

--- 2. CREATING SITES & LOCATIONS ---
  Creating site: Distribution Center 4208
  Creating warehouse: DC Warehouse 4208
  Creating location: DC-REC-4208
  Creating location: DC-STG-4208
  Creating location: DC-SHP-4208
  Creating location: DC-QRN-4208
  Creating site: Manufacturing Plant 4208
  Creating warehouse: MFG Warehouse 4208
  Creating location: MFG-STG-4208
  Creating location: MFG-STO-4208

--- 3. CREATING INVENTORY ---
  Creating inventory for item 6741cf98-6081-4596-81cd-31d333594e26 | qty: 500
  Creating inventory for item 51a58066-76cc-4553-af6d-8ff3fa6d8e34 | qty: 15
  Creating inventory for item 17fd556d-dd98-4f0e-a95b-fc9002c26045 | qty: 120
  Creating inventory for item 1fe77b75-eb5f-4eb5-a892-31d630f63d84 | qty: 50
  Creating inventory for item 17fd556d-dd98-4f0e-a95b-fc9002c26045 | qty: 30

--- 4. CREATING LOTS ---
  Creating lot: LOT-4208-A
  Creating lot: LOT-4208-B

--- 5. CREATING SERIALS ---
  Creating serial: SER-4208-001
  Creating serial: SER-4208-002
  Creating serial: SER-4208-003

--- 6. CREATING MOVEMENTS ---
  Creating movement: RECEIPT (REC-4208-001)
  Creating movement: PUTAWAY (PUT-4208-001)
  Creating movement: TRANSFER (TRF-4208-001)
  Creating movement: PICKING (PCK-4208-001)
  Creating movement: QUARANTINE (QRN-4208-001)

=== EXTENDED DATA SEEDING COMPLETE! ===
